\BOOKMARK [1][-]{section.1}{\376\377\000G\000o\000a\000l\000\040\000a\000n\000d\000\040\000o\000p\000t\000i\000m\000i\000z\000a\000t\000i\000o\000n\000\040\000v\000a\000r\000i\000a\000b\000l\000e\000s}{}% 1
\BOOKMARK [1][-]{section.2}{\376\377\000A\000s\000y\000n\000c\000h\000r\000o\000n\000o\000u\000s\000\040\000i\000n\000p\000u\000t\000\040\000s\000t\000r\000e\000a\000m}{}% 2
\BOOKMARK [1][-]{section.3}{\376\377\000H\000i\000g\000h\000-\000l\000e\000v\000e\000l\000\040\000d\000e\000c\000o\000m\000p\000o\000s\000i\000t\000i\000o\000n}{}% 3
\BOOKMARK [1][-]{section.4}{\376\377\000P\000a\000t\000c\000h\000\040\000r\000e\000p\000r\000e\000s\000e\000n\000t\000a\000t\000i\000o\000n}{}% 4
\BOOKMARK [1][-]{section.5}{\376\377\000P\000a\000t\000c\000h\000\040\000r\000e\000p\000r\000o\000j\000e\000c\000t\000i\000o\000n\000\040\000g\000r\000a\000p\000h}{}% 5
\BOOKMARK [1][-]{section.6}{\376\377\000L\000e\000a\000r\000n\000e\000d\000\040\000c\000o\000r\000r\000e\000s\000p\000o\000n\000d\000e\000n\000c\000e\000\040\000u\000p\000d\000a\000t\000e}{}% 6
\BOOKMARK [1][-]{section.7}{\376\377\000D\000i\000f\000f\000e\000r\000e\000n\000t\000i\000a\000b\000l\000e\000\040\000b\000u\000n\000d\000l\000e\000\040\000a\000d\000j\000u\000s\000t\000m\000e\000n\000t\000\040\000b\000a\000c\000k\000e\000n\000d}{}% 7
\BOOKMARK [1][-]{section.8}{\376\377\000R\000A\000M\000P\000\040\000e\000n\000c\000o\000d\000e\000r\000:\000\040\000w\000h\000y\000\040\000i\000t\000\040\000i\000s\000\040\000d\000i\000f\000f\000e\000r\000e\000n\000t}{}% 8
\BOOKMARK [2][-]{subsection.8.1}{\376\377\000S\000t\000a\000g\000e\000\040\0001\000:\000\040\000s\000e\000n\000s\000o\000r\000-\000s\000p\000e\000c\000i\000f\000i\000c\000\040\000p\000i\000x\000e\000l\000-\000w\000i\000s\000e\000\040\000e\000n\000c\000o\000d\000e\000r\000s}{section.8}% 9
\BOOKMARK [2][-]{subsection.8.2}{\376\377\000S\000t\000a\000g\000e\000\040\0002\000:\000\040\000i\000n\000t\000r\000a\000-\000s\000e\000n\000s\000o\000r\000\040\000r\000e\000c\000u\000r\000r\000e\000n\000t\000\040\000u\000p\000d\000a\000t\000e}{section.8}% 10
\BOOKMARK [2][-]{subsection.8.3}{\376\377\000S\000t\000a\000g\000e\000\040\0003\000:\000\040\000i\000n\000t\000e\000r\000-\000s\000e\000n\000s\000o\000r\000\040\000a\000s\000y\000n\000c\000h\000r\000o\000n\000o\000u\000s\000\040\000f\000u\000s\000i\000o\000n}{section.8}% 11
\BOOKMARK [1][-]{section.9}{\376\377\000M\000u\000l\000t\000i\000-\000s\000c\000a\000l\000e\000\040\000f\000u\000s\000i\000o\000n\000\040\000i\000n\000t\000o\000\040\000D\000P\000V\000O\000\040\000f\000e\000a\000t\000u\000r\000e\000s}{}% 12
\BOOKMARK [1][-]{section.10}{\376\377\000P\000o\000s\000e\000\040\000f\000o\000r\000e\000c\000a\000s\000t\000i\000n\000g}{}% 13
\BOOKMARK [1][-]{section.11}{\376\377\000W\000h\000a\000t\000\040\000i\000s\000\040\000l\000e\000a\000r\000n\000e\000d\000\040\000a\000n\000d\000\040\000w\000h\000a\000t\000\040\000i\000s\000\040\000g\000e\000o\000m\000e\000t\000r\000i\000c}{}% 14
\BOOKMARK [1][-]{section.12}{\376\377\000W\000h\000y\000\040\000e\000v\000e\000n\000t\000s\000\040\000h\000e\000l\000p\000\040\000i\000n\000\040\000t\000h\000i\000s\000\040\000a\000r\000c\000h\000i\000t\000e\000c\000t\000u\000r\000e}{}% 15
\BOOKMARK [1][-]{section.13}{\376\377\000P\000s\000e\000u\000d\000o\000-\000a\000l\000g\000o\000r\000i\000t\000h\000m}{}% 16
\BOOKMARK [1][-]{section.14}{\376\377\000C\000o\000m\000p\000a\000c\000t\000\040\000b\000l\000o\000c\000k\000\040\000s\000c\000h\000e\000m\000e}{}% 17
\BOOKMARK [1][-]{section.15}{\376\377\000M\000a\000i\000n\000\040\000t\000a\000k\000e\000a\000w\000a\000y\000s}{}% 18
\BOOKMARK [1][-]{appendix.A}{\376\377\000A\000p\000p\000e\000n\000d\000i\000x\000:\000\040\000t\000e\000c\000h\000n\000i\000c\000a\000l\000\040\000d\000e\000t\000a\000i\000l\000s}{}% 19
\BOOKMARK [2][-]{subsection.A.1}{\376\377\000L\000S\000T\000M\000\040\000R\000e\000f\000r\000e\000s\000h\000e\000r}{appendix.A}% 20
\BOOKMARK [2][-]{subsection.A.2}{\376\377\000E\000n\000c\000o\000d\000e\000r\000\040\000R\000e\000f\000r\000e\000s\000h\000e\000r}{appendix.A}% 21
\BOOKMARK [2][-]{subsection.A.3}{\376\377\000D\000i\000f\000f\000e\000r\000e\000n\000t\000i\000a\000b\000l\000e\000\040\000B\000u\000n\000d\000l\000e\000-\000A\000d\000j\000u\000s\000t\000m\000e\000n\000t\000\040\000L\000a\000y\000e\000r}{appendix.A}% 22
\BOOKMARK [2][-]{subsection.A.4}{\376\377\000D\000a\000m\000p\000e\000d\000\040\000N\000o\000n\000l\000i\000n\000e\000a\000r\000\040\000L\000e\000a\000s\000t\000-\000S\000q\000u\000a\000r\000e\000s\000\040\000U\000p\000d\000a\000t\000e\000s}{appendix.A}% 23
\BOOKMARK [2][-]{subsection.A.5}{\376\377\000T\000r\000a\000i\000n\000i\000n\000g\000\040\000o\000f\000\040\000t\000h\000e\000\040\000N\000e\000u\000r\000a\000l\000\040\000C\000o\000m\000p\000o\000n\000e\000n\000t\000s}{appendix.A}% 24
